<?xml version="1.0" encoding="UTF-8"?>
<!-- Generated by org.testng.reporters.JUnitReportReporter -->
<testsuite hostname="BHANU-LAPTOP" failures="0" tests="1" name="script.Test3" time="5.727" errors="0" timestamp="2023-06-22T08:55:19 IST" skipped="0">
  <testcase classname="script.Test3" name="test3" time="5.727">
    <system-out>
      <![CDATA[test3...]]>
    </system-out>
  </testcase> <!-- test3 -->
  <system-out>
    <![CDATA[test1...
test2...
test3...]]>
  </system-out>
</testsuite> <!-- script.Test3 -->
